[freetopgenerator.site/intagramgenerator/index.html]
[backblue.gif]
[fade.gif]
[index.html]
[use.fontawesome.com/releases/v5.3.1/css/all.css]
[freetopgenerator.site/intagramgenerator/images/instagram-background.jpg]
[bucket.cpabuild.com/uploads/assets/1563298961d7e11a0c316ea6a189a4b4e2bd1ad627.css]
[bucket.cpabuild.com/uploads/assets/15632989585b40da5bd6314d160701458ac2c4a7d1.css]
[bucket.cpabuild.com/uploads/assets/156329895711cae4998a41b5da23ba029e87c09799.css]
[freetopgenerator.site/intagramgenerator/style.css]
[freetopgenerator.site/intagramgenerator/images/1logo.png]
[bucket.cpabuild.com/uploads/15632985689e62ecb8c418245324461d9882321c18.png]
[bucket.cpabuild.com/uploads/1563298567639639aebb222c39d2e4d0689b06d88e.png]
[bucket.cpabuild.com/uploads/1563298568a7769d5a22b373684d13b726fe3c4e65.png]
[bucket.cpabuild.com/uploads/1563298581663f76f3919c5c4f756d27b43b2d1ced.png]
[bucket.cpabuild.com/uploads/1563298569bc30d98b5d09f10340f8c291267e4b82.png]
[bucket.cpabuild.com/uploads/15632985676eaec212438532005397fb7e3e1574b5.png]
[bucket.cpabuild.com/uploads/15632985661506560019e5ebafa191ef1bd66e46c0.png]
[bucket.cpabuild.com/uploads/15632985655d91c2e7c56d452ead66bc0e5dcd875c.png]
[bucket.cpabuild.com/uploads/156329857340d6d231d29dfe3964a7ce6520fa8648.png]
[freetopgenerator.site/intagramgenerator/images/2logo.jpg]
[cpbild.co/public/external/locker.js]
[bucket.cpabuild.com/uploads/assets/1563194463bc66e25d79d63b124e302cf030d5249a.js]
[bucket.cpabuild.com/uploads/assets/15632989888acd44f9e760343e2b1df628436f5d5c.js]
[bucket.cpabuild.com/uploads/assets/156329898910ee51f16ae14fd343eadd66715a174a.js]
[bucket.cpabuild.com/uploads/assets/15631943349d83cf34d15b5929728eb18de71c637a.js]
[www.google-analytics.com/analytics.js]
[freetopgenerator.site/intagramgenerator/adblockDetector.js]
[s10.histats.com/js15_as.js]
[sstatic1.histats.com/09493.gif]
[freetopgenerator.site/intagramgenerator/index.html]
[use.fontawesome.com/releases/v5.3.1/css/all.css]
[bucket.cpabuild.com/uploads/assets/1563298961d7e11a0c316ea6a189a4b4e2bd1ad627.css]
[bucket.cpabuild.com/uploads/assets/15632989585b40da5bd6314d160701458ac2c4a7d1.css]
[bucket.cpabuild.com/uploads/assets/156329895711cae4998a41b5da23ba029e87c09799.css]
[freetopgenerator.site/intagramgenerator/style.css]
[bucket.cpabuild.com/uploads/assets/1563194463bc66e25d79d63b124e302cf030d5249a.js]
[freetopgenerator.site/intagramgenerator/popper.js]
[bucket.cpabuild.com/uploads/assets/15632989888acd44f9e760343e2b1df628436f5d5c.js]
[bucket.cpabuild.com/uploads/assets/156329898910ee51f16ae14fd343eadd66715a174a.js]
[bucket.cpabuild.com/uploads/assets/15631943349d83cf34d15b5929728eb18de71c637a.js]
[freetopgenerator.site/intagramgenerator/popper.html]
